C:\USERS\ADMINISTRATOR\DESKTOP\STUDY\플밍\HSH_TASK\03_HSH-TEMPERATURE\DEBUG\03_HSH-TEMPERATURE.EXE.INTERMEDIATE.MANIFEST
C:\USERS\ADMINISTRATOR\DESKTOP\STUDY\플밍\HSH_TASK\03_HSH-TEMPERATURE\DEBUG\HSH-TEMPERATURE.OBJ
C:\USERS\ADMINISTRATOR\DESKTOP\STUDY\플밍\HSH_TASK\03_HSH-TEMPERATURE\DEBUG\VC100.PDB
C:\USERS\ADMINISTRATOR\DESKTOP\STUDY\플밍\HSH_TASK\DEBUG\03_HSH-TEMPERATURE.EXE
C:\USERS\ADMINISTRATOR\DESKTOP\STUDY\플밍\HSH_TASK\DEBUG\03_HSH-TEMPERATURE.ILK
C:\USERS\ADMINISTRATOR\DESKTOP\STUDY\플밍\HSH_TASK\DEBUG\03_HSH-TEMPERATURE.PDB
C:\Users\Administrator\Desktop\가마우지\HSH_Task\03_HSH-Temperature\Debug\03_HSH-Temperature.exe.intermediate.manifest
C:\Users\Administrator\Desktop\가마우지\HSH_Task\03_HSH-Temperature\Debug\03_HSH-Temperature.vcxprojResolveAssemblyReference.cache
C:\Users\Administrator\Desktop\가마우지\HSH_Task\03_HSH-Temperature\Debug\03_HSH-Temperature.write.1.tlog
C:\Users\Administrator\Desktop\가마우지\HSH_Task\03_HSH-Temperature\Debug\cl.command.1.tlog
C:\Users\Administrator\Desktop\가마우지\HSH_Task\03_HSH-Temperature\Debug\CL.read.1.tlog
C:\Users\Administrator\Desktop\가마우지\HSH_Task\03_HSH-Temperature\Debug\CL.write.1.tlog
C:\Users\Administrator\Desktop\가마우지\HSH_Task\03_HSH-Temperature\Debug\HSH-Temperature.obj
C:\Users\Administrator\Desktop\가마우지\HSH_Task\03_HSH-Temperature\Debug\link.command.1.tlog
C:\Users\Administrator\Desktop\가마우지\HSH_Task\03_HSH-Temperature\Debug\link.read.1.tlog
C:\Users\Administrator\Desktop\가마우지\HSH_Task\03_HSH-Temperature\Debug\link.write.1.tlog
C:\Users\Administrator\Desktop\가마우지\HSH_Task\03_HSH-Temperature\Debug\mt.command.1.tlog
C:\Users\Administrator\Desktop\가마우지\HSH_Task\03_HSH-Temperature\Debug\mt.read.1.tlog
C:\Users\Administrator\Desktop\가마우지\HSH_Task\03_HSH-Temperature\Debug\mt.write.1.tlog
C:\Users\Administrator\Desktop\가마우지\HSH_Task\03_HSH-Temperature\Debug\vc100.idb
C:\Users\Administrator\Desktop\가마우지\HSH_Task\03_HSH-Temperature\Debug\vc100.pdb
C:\USERS\ADMINISTRATOR\DESKTOP\지빠귀\HSH_FIRSTWEEK\03_HSH-TEMPERATURE\DEBUG\03_HSH-TEMPERATURE.EXE.INTERMEDIATE.MANIFEST
C:\USERS\ADMINISTRATOR\DESKTOP\지빠귀\HSH_FIRSTWEEK\03_HSH-TEMPERATURE\DEBUG\HSH-TEMPERATURE.OBJ
C:\USERS\ADMINISTRATOR\DESKTOP\지빠귀\HSH_FIRSTWEEK\03_HSH-TEMPERATURE\DEBUG\VC100.PDB
C:\USERS\ADMINISTRATOR\DESKTOP\지빠귀\HSH_FIRSTWEEK\DEBUG\03_HSH-TEMPERATURE.EXE
C:\USERS\ADMINISTRATOR\DESKTOP\지빠귀\HSH_FIRSTWEEK\DEBUG\03_HSH-TEMPERATURE.EXE.MANIFEST
C:\USERS\ADMINISTRATOR\DESKTOP\지빠귀\HSH_FIRSTWEEK\DEBUG\03_HSH-TEMPERATURE.ILK
C:\USERS\ADMINISTRATOR\DESKTOP\지빠귀\HSH_FIRSTWEEK\DEBUG\03_HSH-TEMPERATURE.PDB
