C:\Users\Administrator\Desktop\가마우지\HSH_Task\04_HSH-Tax\Debug\04_HSH-Tax.exe.intermediate.manifest
C:\Users\Administrator\Desktop\가마우지\HSH_Task\04_HSH-Tax\Debug\04_HSH-Tax.vcxprojResolveAssemblyReference.cache
C:\Users\Administrator\Desktop\가마우지\HSH_Task\04_HSH-Tax\Debug\04_HSH-Tax.write.1.tlog
C:\Users\Administrator\Desktop\가마우지\HSH_Task\04_HSH-Tax\Debug\cl.command.1.tlog
C:\Users\Administrator\Desktop\가마우지\HSH_Task\04_HSH-Tax\Debug\CL.read.1.tlog
C:\Users\Administrator\Desktop\가마우지\HSH_Task\04_HSH-Tax\Debug\CL.write.1.tlog
C:\Users\Administrator\Desktop\가마우지\HSH_Task\04_HSH-Tax\Debug\HSH-Tax.obj
C:\Users\Administrator\Desktop\가마우지\HSH_Task\04_HSH-Tax\Debug\link.command.1.tlog
C:\Users\Administrator\Desktop\가마우지\HSH_Task\04_HSH-Tax\Debug\link.read.1.tlog
C:\Users\Administrator\Desktop\가마우지\HSH_Task\04_HSH-Tax\Debug\link.write.1.tlog
C:\Users\Administrator\Desktop\가마우지\HSH_Task\04_HSH-Tax\Debug\mt.command.1.tlog
C:\Users\Administrator\Desktop\가마우지\HSH_Task\04_HSH-Tax\Debug\mt.read.1.tlog
C:\Users\Administrator\Desktop\가마우지\HSH_Task\04_HSH-Tax\Debug\mt.write.1.tlog
C:\Users\Administrator\Desktop\가마우지\HSH_Task\04_HSH-Tax\Debug\vc100.idb
C:\Users\Administrator\Desktop\가마우지\HSH_Task\04_HSH-Tax\Debug\vc100.pdb
C:\USERS\ADMINISTRATOR\DESKTOP\지빠귀\HSH_FIRSTWEEK\04_HSH-TAX\DEBUG\04_HSH-TAX.EXE.INTERMEDIATE.MANIFEST
C:\USERS\ADMINISTRATOR\DESKTOP\지빠귀\HSH_FIRSTWEEK\04_HSH-TAX\DEBUG\HSH-TAX.OBJ
C:\USERS\ADMINISTRATOR\DESKTOP\지빠귀\HSH_FIRSTWEEK\04_HSH-TAX\DEBUG\VC100.PDB
C:\USERS\ADMINISTRATOR\DESKTOP\지빠귀\HSH_FIRSTWEEK\DEBUG\04_HSH-TAX.EXE
C:\USERS\ADMINISTRATOR\DESKTOP\지빠귀\HSH_FIRSTWEEK\DEBUG\04_HSH-TAX.EXE.MANIFEST
C:\USERS\ADMINISTRATOR\DESKTOP\지빠귀\HSH_FIRSTWEEK\DEBUG\04_HSH-TAX.ILK
C:\USERS\ADMINISTRATOR\DESKTOP\지빠귀\HSH_FIRSTWEEK\DEBUG\04_HSH-TAX.PDB
