Build started 2016-05-19 오후 4:44:44.
     1>Project "C:\Users\Korea Tech\Desktop\독수리\04_HSH-Tax\04_HSH-Tax.vcxproj" on node 3 (build target(s)).
     1>InitializeBuildStatus:
         Creating "Debug\04_HSH_Tax.unsuccessfulbuild" because "AlwaysCreate" was specified.
       ClCompile:
         C:\Program Files (x86)\Microsoft Visual Studio 10.0\VC\bin\CL.exe /c /ZI /nologo /W3 /WX- /Od /Oy- /D WIN32 /D _DEBUG /D _CONSOLE /D _UNICODE /D UNICODE /Gm /EHsc /RTC1 /MDd /GS /fp:precise /Zc:wchar_t /Zc:forScope /Fo"Debug\\" /Fd"Debug\vc100.pdb" /Gd /TP /analyze- /errorReport:prompt "HSH-Tax.cpp"
         HSH-Tax.cpp
     1>c:\users\korea tech\desktop\독수리\04_hsh-tax\hsh-tax.cpp(8): warning C4996: 'scanf': This function or variable may be unsafe. Consider using scanf_s instead. To disable deprecation, use _CRT_SECURE_NO_WARNINGS. See online help for details.
                 c:\program files (x86)\microsoft visual studio 10.0\vc\include\stdio.h(304) : 'scanf' 선언을 참조하십시오.
       Link:
         C:\Program Files (x86)\Microsoft Visual Studio 10.0\VC\bin\link.exe /ERRORREPORT:PROMPT /OUT:"C:\Users\Korea Tech\Desktop\독수리\Debug\04_HSH_Tax.exe" /INCREMENTAL /NOLOGO kernel32.lib user32.lib gdi32.lib winspool.lib comdlg32.lib advapi32.lib shell32.lib ole32.lib oleaut32.lib uuid.lib odbc32.lib odbccp32.lib /MANIFEST /ManifestFile:"Debug\04_HSH_Tax.exe.intermediate.manifest" /MANIFESTUAC:"level='asInvoker' uiAccess='false'" /DEBUG /PDB:"C:\Users\Korea Tech\Desktop\독수리\Debug\04_HSH_Tax.pdb" /SUBSYSTEM:CONSOLE /TLBID:1 /DYNAMICBASE /NXCOMPAT /IMPLIB:"C:\Users\Korea Tech\Desktop\독수리\Debug\04_HSH_Tax.lib" /MACHINE:X86 "Debug\HSH-Tax.obj"
         04_HSH-Tax.vcxproj -> C:\Users\Korea Tech\Desktop\독수리\Debug\04_HSH_Tax.exe
       Manifest:
         C:\Program Files (x86)\Microsoft SDKs\Windows\v7.0A\bin\mt.exe /nologo /verbose /out:"C:\Users\Korea Tech\Desktop\독수리\Debug\04_HSH_Tax.exe.manifest" /manifest Debug\04_HSH_Tax.exe.intermediate.manifest
       FinalizeBuildStatus:
         Deleting file "Debug\04_HSH_Tax.unsuccessfulbuild".
         Touching "Debug\04_HSH_Tax.lastbuildstate".
     1>Done Building Project "C:\Users\Korea Tech\Desktop\독수리\04_HSH-Tax\04_HSH-Tax.vcxproj" (build target(s)).

빌드했습니다.

Time Elapsed 00:00:00.63
