C:\USERS\ADMINISTRATOR\DESKTOP\지우기\3주차과제\HSH_TASK\06_HSHGUGUDANRANK\DEBUG\06_HSHGUGUDANRANK.EXE.INTERMEDIATE.MANIFEST
C:\Users\Administrator\Desktop\지우기\3주차과제\HSH_Task\06_HSHGuGuDanRank\Debug\06_HSHGuGuDanRank.vcxprojResolveAssemblyReference.cache
C:\Users\Administrator\Desktop\지우기\3주차과제\HSH_Task\06_HSHGuGuDanRank\Debug\06_HSHGuGuDanRank.write.1.tlog
C:\Users\Administrator\Desktop\지우기\3주차과제\HSH_Task\06_HSHGuGuDanRank\Debug\cl.command.1.tlog
C:\Users\Administrator\Desktop\지우기\3주차과제\HSH_Task\06_HSHGuGuDanRank\Debug\CL.read.1.tlog
C:\Users\Administrator\Desktop\지우기\3주차과제\HSH_Task\06_HSHGuGuDanRank\Debug\CL.write.1.tlog
C:\USERS\ADMINISTRATOR\DESKTOP\지우기\3주차과제\HSH_TASK\06_HSHGUGUDANRANK\DEBUG\HSHGUGUDANRANK.OBJ
C:\USERS\ADMINISTRATOR\DESKTOP\지우기\3주차과제\HSH_TASK\06_HSHGUGUDANRANK\DEBUG\HSHGUGUDANRANKMAIN.OBJ
C:\USERS\ADMINISTRATOR\DESKTOP\지우기\3주차과제\HSH_TASK\06_HSHGUGUDANRANK\DEBUG\HSHRANK.OBJ
C:\Users\Administrator\Desktop\지우기\3주차과제\HSH_Task\06_HSHGuGuDanRank\Debug\link.3584.read.1.tlog
C:\Users\Administrator\Desktop\지우기\3주차과제\HSH_Task\06_HSHGuGuDanRank\Debug\link.3584.write.1.tlog
C:\Users\Administrator\Desktop\지우기\3주차과제\HSH_Task\06_HSHGuGuDanRank\Debug\link.command.1.tlog
C:\Users\Administrator\Desktop\지우기\3주차과제\HSH_Task\06_HSHGuGuDanRank\Debug\link.read.1.tlog
C:\Users\Administrator\Desktop\지우기\3주차과제\HSH_Task\06_HSHGuGuDanRank\Debug\link.write.1.tlog
C:\Users\Administrator\Desktop\지우기\3주차과제\HSH_Task\06_HSHGuGuDanRank\Debug\mt.command.1.tlog
C:\Users\Administrator\Desktop\지우기\3주차과제\HSH_Task\06_HSHGuGuDanRank\Debug\mt.read.1.tlog
C:\Users\Administrator\Desktop\지우기\3주차과제\HSH_Task\06_HSHGuGuDanRank\Debug\mt.write.1.tlog
C:\Users\Administrator\Desktop\지우기\3주차과제\HSH_Task\06_HSHGuGuDanRank\Debug\vc100.idb
C:\USERS\ADMINISTRATOR\DESKTOP\지우기\3주차과제\HSH_TASK\06_HSHGUGUDANRANK\DEBUG\VC100.PDB
C:\USERS\ADMINISTRATOR\DESKTOP\지우기\3주차과제\HSH_TASK\DEBUG\06_HSHGUGUDANRANK.EXE
C:\Users\Administrator\Desktop\지우기\3주차과제\HSH_Task\Debug\06_HSHGuGuDanRank.exe.manifest
C:\USERS\ADMINISTRATOR\DESKTOP\지우기\3주차과제\HSH_TASK\DEBUG\06_HSHGUGUDANRANK.ILK
C:\USERS\ADMINISTRATOR\DESKTOP\지우기\3주차과제\HSH_TASK\DEBUG\06_HSHGUGUDANRANK.PDB
C:\USERS\KOREA TECH\DESKTOP\지우기\3주차과제\HSH_TASK\06_HSHGUGUDANRANK\DEBUG\06_HSHGUGUDANRANK.EXE.INTERMEDIATE.MANIFEST
C:\USERS\KOREA TECH\DESKTOP\지우기\3주차과제\HSH_TASK\06_HSHGUGUDANRANK\DEBUG\HSHGUGUDANRANK.OBJ
C:\USERS\KOREA TECH\DESKTOP\지우기\3주차과제\HSH_TASK\06_HSHGUGUDANRANK\DEBUG\HSHGUGUDANRANKMAIN.OBJ
C:\USERS\KOREA TECH\DESKTOP\지우기\3주차과제\HSH_TASK\06_HSHGUGUDANRANK\DEBUG\HSHRANK.OBJ
C:\USERS\KOREA TECH\DESKTOP\지우기\3주차과제\HSH_TASK\06_HSHGUGUDANRANK\DEBUG\VC100.PDB
C:\USERS\KOREA TECH\DESKTOP\지우기\3주차과제\HSH_TASK\DEBUG\06_HSHGUGUDANRANK.EXE
C:\USERS\KOREA TECH\DESKTOP\지우기\3주차과제\HSH_TASK\DEBUG\06_HSHGUGUDANRANK.EXE.MANIFEST
C:\USERS\KOREA TECH\DESKTOP\지우기\3주차과제\HSH_TASK\DEBUG\06_HSHGUGUDANRANK.ILK
C:\USERS\KOREA TECH\DESKTOP\지우기\3주차과제\HSH_TASK\DEBUG\06_HSHGUGUDANRANK.PDB
