Build started 2016-05-19 오후 4:44:44.
     1>Project "C:\Users\Korea Tech\Desktop\독수리\06_HSHGuGuDanRank\06_HSHGuGuDanRank.vcxproj" on node 7 (build target(s)).
     1>InitializeBuildStatus:
         Creating "Debug\06_HSHGuGuDanRank.unsuccessfulbuild" because "AlwaysCreate" was specified.
       ClCompile:
         C:\Program Files (x86)\Microsoft Visual Studio 10.0\VC\bin\CL.exe /c /ZI /nologo /W3 /WX- /Od /Oy- /D WIN32 /D _DEBUG /D _CONSOLE /D _UNICODE /D UNICODE /Gm /EHsc /RTC1 /MDd /GS /fp:precise /Zc:wchar_t /Zc:forScope /Fo"Debug\\" /Fd"Debug\vc100.pdb" /Gd /TP /analyze- /errorReport:prompt HSHGuGuDanRank.cpp HSHGuGuDanRankMain.cpp HSHRank.cpp
         HSHRank.cpp
     1>c:\users\korea tech\desktop\독수리\06_hshgugudanrank\hshplayer.h(18): warning C4996: 'strcpy': This function or variable may be unsafe. Consider using strcpy_s instead. To disable deprecation, use _CRT_SECURE_NO_WARNINGS. See online help for details.
                 c:\program files (x86)\microsoft visual studio 10.0\vc\include\string.h(105) : 'strcpy' 선언을 참조하십시오.
     1>c:\users\korea tech\desktop\독수리\06_hshgugudanrank\hshplayer.h(26): warning C4996: 'fscanf': This function or variable may be unsafe. Consider using fscanf_s instead. To disable deprecation, use _CRT_SECURE_NO_WARNINGS. See online help for details.
                 c:\program files (x86)\microsoft visual studio 10.0\vc\include\stdio.h(253) : 'fscanf' 선언을 참조하십시오.
     1>c:\users\korea tech\desktop\독수리\06_hshgugudanrank\hshrank.cpp(12): warning C4996: 'fopen': This function or variable may be unsafe. Consider using fopen_s instead. To disable deprecation, use _CRT_SECURE_NO_WARNINGS. See online help for details.
                 c:\program files (x86)\microsoft visual studio 10.0\vc\include\stdio.h(234) : 'fopen' 선언을 참조하십시오.
     1>c:\users\korea tech\desktop\독수리\06_hshgugudanrank\hshrank.cpp(14): warning C4996: 'fscanf': This function or variable may be unsafe. Consider using fscanf_s instead. To disable deprecation, use _CRT_SECURE_NO_WARNINGS. See online help for details.
                 c:\program files (x86)\microsoft visual studio 10.0\vc\include\stdio.h(253) : 'fscanf' 선언을 참조하십시오.
     1>c:\users\korea tech\desktop\독수리\06_hshgugudanrank\hshrank.cpp(26): warning C4996: 'fopen': This function or variable may be unsafe. Consider using fopen_s instead. To disable deprecation, use _CRT_SECURE_NO_WARNINGS. See online help for details.
                 c:\program files (x86)\microsoft visual studio 10.0\vc\include\stdio.h(234) : 'fopen' 선언을 참조하십시오.
         HSHGuGuDanRankMain.cpp
     1>c:\users\korea tech\desktop\독수리\06_hshgugudanrank\hshgugudanrankmain.cpp(20): warning C4244: '인수' : 'time_t'에서 'unsigned int'(으)로 변환하면서 데이터가 손실될 수 있습니다.
     1>c:\users\korea tech\desktop\독수리\06_hshgugudanrank\hshgugudanrankmain.cpp(16): warning C4101: 'finish' :참조되지 않은 지역 변수입니다.
     1>c:\users\korea tech\desktop\독수리\06_hshgugudanrank\hshgugudanrankmain.cpp(14): warning C4101: 'begin' :참조되지 않은 지역 변수입니다.
     1>c:\users\korea tech\desktop\독수리\06_hshgugudanrank\hshgugudanrankmain.cpp(13): warning C4101: 'num2' :참조되지 않은 지역 변수입니다.
     1>c:\users\korea tech\desktop\독수리\06_hshgugudanrank\hshgugudanrankmain.cpp(16): warning C4101: 'start' :참조되지 않은 지역 변수입니다.
     1>c:\users\korea tech\desktop\독수리\06_hshgugudanrank\hshgugudanrankmain.cpp(13): warning C4101: 'num1' :참조되지 않은 지역 변수입니다.
     1>c:\users\korea tech\desktop\독수리\06_hshgugudanrank\hshgugudanrankmain.cpp(18): warning C4101: 'duration' :참조되지 않은 지역 변수입니다.
     1>c:\users\korea tech\desktop\독수리\06_hshgugudanrank\hshgugudanrankmain.cpp(13): warning C4101: 'answer' :참조되지 않은 지역 변수입니다.
     1>c:\users\korea tech\desktop\독수리\06_hshgugudanrank\hshgugudanrankmain.cpp(11): warning C4101: 'NumGames' :참조되지 않은 지역 변수입니다.
         HSHGuGuDanRank.cpp
     1>c:\users\korea tech\desktop\독수리\06_hshgugudanrank\hshplayer.h(18): warning C4996: 'strcpy': This function or variable may be unsafe. Consider using strcpy_s instead. To disable deprecation, use _CRT_SECURE_NO_WARNINGS. See online help for details.
                 c:\program files (x86)\microsoft visual studio 10.0\vc\include\string.h(105) : 'strcpy' 선언을 참조하십시오.
     1>c:\users\korea tech\desktop\독수리\06_hshgugudanrank\hshplayer.h(26): warning C4996: 'fscanf': This function or variable may be unsafe. Consider using fscanf_s instead. To disable deprecation, use _CRT_SECURE_NO_WARNINGS. See online help for details.
                 c:\program files (x86)\microsoft visual studio 10.0\vc\include\stdio.h(253) : 'fscanf' 선언을 참조하십시오.
     1>c:\users\korea tech\desktop\독수리\06_hshgugudanrank\hshgugudanrank.cpp(53): warning C4996: 'scanf': This function or variable may be unsafe. Consider using scanf_s instead. To disable deprecation, use _CRT_SECURE_NO_WARNINGS. See online help for details.
                 c:\program files (x86)\microsoft visual studio 10.0\vc\include\stdio.h(304) : 'scanf' 선언을 참조하십시오.
     1>c:\users\korea tech\desktop\독수리\06_hshgugudanrank\hshgugudanrank.cpp(55): warning C4996: 'scanf': This function or variable may be unsafe. Consider using scanf_s instead. To disable deprecation, use _CRT_SECURE_NO_WARNINGS. See online help for details.
                 c:\program files (x86)\microsoft visual studio 10.0\vc\include\stdio.h(304) : 'scanf' 선언을 참조하십시오.
     1>c:\users\korea tech\desktop\독수리\06_hshgugudanrank\hshgugudanrank.cpp(69): warning C4996: 'scanf': This function or variable may be unsafe. Consider using scanf_s instead. To disable deprecation, use _CRT_SECURE_NO_WARNINGS. See online help for details.
                 c:\program files (x86)\microsoft visual studio 10.0\vc\include\stdio.h(304) : 'scanf' 선언을 참조하십시오.
     1>c:\users\korea tech\desktop\독수리\06_hshgugudanrank\hshgugudanrank.cpp(94): error C3861: 'addRanking': 식별자를 찾을 수 없습니다.
     1>c:\users\korea tech\desktop\독수리\06_hshgugudanrank\hshgugudanrank.cpp(97): error C3861: 'printRanking': 식별자를 찾을 수 없습니다.
     1>c:\users\korea tech\desktop\독수리\06_hshgugudanrank\hshgugudanrank.cpp(105): error C3861: 'storeRanking': 식별자를 찾을 수 없습니다.
         코드를 생성하고 있습니다...
     1>Done Building Project "C:\Users\Korea Tech\Desktop\독수리\06_HSHGuGuDanRank\06_HSHGuGuDanRank.vcxproj" (build target(s)) -- FAILED.

빌드하지 못했습니다.

Time Elapsed 00:00:00.95
