C:\USERS\ADMINISTRATOR\DESKTOP\가마우지\HSH_TASK\05_HSH-GUGUGAME\DEBUG\05_HSH_GUGUGAME.EXE.INTERMEDIATE.MANIFEST
C:\Users\Administrator\Desktop\가마우지\HSH_Task\05_HSH-GuguGame\Debug\05_HSH_GuguGame.write.1.tlog
C:\Users\Administrator\Desktop\가마우지\HSH_Task\05_HSH-GuguGame\Debug\05_HSH-GuguGame.vcxprojResolveAssemblyReference.cache
C:\Users\Administrator\Desktop\가마우지\HSH_Task\05_HSH-GuguGame\Debug\cl.command.1.tlog
C:\Users\Administrator\Desktop\가마우지\HSH_Task\05_HSH-GuguGame\Debug\CL.read.1.tlog
C:\Users\Administrator\Desktop\가마우지\HSH_Task\05_HSH-GuguGame\Debug\CL.write.1.tlog
C:\USERS\ADMINISTRATOR\DESKTOP\가마우지\HSH_TASK\05_HSH-GUGUGAME\DEBUG\HSH_GUGUGAME.OBJ
C:\USERS\ADMINISTRATOR\DESKTOP\가마우지\HSH_TASK\05_HSH-GUGUGAME\DEBUG\HSH_SUBGAME.OBJ
C:\Users\Administrator\Desktop\가마우지\HSH_Task\05_HSH-GuguGame\Debug\link.6660.read.1.tlog
C:\Users\Administrator\Desktop\가마우지\HSH_Task\05_HSH-GuguGame\Debug\link.6660.write.1.tlog
C:\Users\Administrator\Desktop\가마우지\HSH_Task\05_HSH-GuguGame\Debug\link.command.1.tlog
C:\Users\Administrator\Desktop\가마우지\HSH_Task\05_HSH-GuguGame\Debug\link.read.1.tlog
C:\Users\Administrator\Desktop\가마우지\HSH_Task\05_HSH-GuguGame\Debug\link.write.1.tlog
C:\Users\Administrator\Desktop\가마우지\HSH_Task\05_HSH-GuguGame\Debug\mt.command.1.tlog
C:\Users\Administrator\Desktop\가마우지\HSH_Task\05_HSH-GuguGame\Debug\mt.read.1.tlog
C:\Users\Administrator\Desktop\가마우지\HSH_Task\05_HSH-GuguGame\Debug\mt.write.1.tlog
C:\Users\Administrator\Desktop\가마우지\HSH_Task\05_HSH-GuguGame\Debug\vc100.idb
C:\USERS\ADMINISTRATOR\DESKTOP\가마우지\HSH_TASK\05_HSH-GUGUGAME\DEBUG\VC100.PDB
C:\USERS\ADMINISTRATOR\DESKTOP\가마우지\HSH_TASK\DEBUG\05_HSH_GUGUGAME.EXE
C:\USERS\ADMINISTRATOR\DESKTOP\가마우지\HSH_TASK\DEBUG\05_HSH_GUGUGAME.EXE.MANIFEST
C:\USERS\ADMINISTRATOR\DESKTOP\가마우지\HSH_TASK\DEBUG\05_HSH_GUGUGAME.ILK
C:\USERS\ADMINISTRATOR\DESKTOP\가마우지\HSH_TASK\DEBUG\05_HSH_GUGUGAME.PDB
